<?xml version="1.0" encoding="UTF-8"?><testsuite name="nosetests" tests="13" errors="0" failures="0" skip="0"><testcase classname="ureport_project.qos_monitor.monitor.tests.SimpleTest" name="test_basic_addition" time="0.000" /><testcase classname="ureport_project.rapidsms_uganda_ussd.ussd.tests.models_tests.UssdTestCase" name="testContacts" time="0.000" /><testcase classname="ureport_project.rapidsms_xforms_src.rapidsms_xforms.tests.ModelTest" name="testDecField" time="0.025" /><testcase classname="ureport_project.rapidsms_xforms_src.rapidsms_xforms.tests.ModelTest" name="testFieldConstraints" time="0.027" /><testcase classname="ureport_project.rapidsms_xforms_src.rapidsms_xforms.tests.ModelTest" name="testGPSField" time="0.020" /><testcase classname="ureport_project.rapidsms_xforms_src.rapidsms_xforms.tests.ModelTest" name="testIntField" time="0.014" /><testcase classname="ureport_project.rapidsms_xforms_src.rapidsms_xforms.tests.ModelTest" name="testMaxLenConstraint" time="0.006" /><testcase classname="ureport_project.rapidsms_xforms_src.rapidsms_xforms.tests.ModelTest" name="testMaxValConstraint" time="0.005" /><testcase classname="ureport_project.rapidsms_xforms_src.rapidsms_xforms.tests.ModelTest" name="testMinLenConstraint" time="0.005" /><testcase classname="ureport_project.rapidsms_xforms_src.rapidsms_xforms.tests.ModelTest" name="testMinValConstraint" time="0.006" /><testcase classname="ureport_project.rapidsms_xforms_src.rapidsms_xforms.tests.ModelTest" name="testRegexConstraint" time="0.006" /><testcase classname="ureport_project.rapidsms_xforms_src.rapidsms_xforms.tests.ModelTest" name="testReqValConstraint" time="0.007" /><testcase classname="ureport_project.rapidsms_xforms_src.rapidsms_xforms.tests.ModelTest" name="testStrField" time="0.018" /></testsuite>
